<?xml version="1.0" encoding="UTF-8"?>
<!-- Generated by org.testng.reporters.JUnitXMLReporter -->
<testsuite ignored="0" hostname="vishal" failures="0" tests="8" name="Surefire test" time="27.015" errors="0" timestamp="15 Mar 2024 05:19:16 GMT">
  <testcase classname="testNG.FacebookTest" name="googleTest" time="5.152"/>
  <testcase classname="testNG.GoogleTest" name="googleTest" time="6.984"/>
  <testcase classname="testNG.Test1" name="demoTest" time="0.001"/>
  <testcase classname="testNG.Test1" name="jspiders" time="0.002"/>
  <testcase classname="testNG.Test1" name="pyspiders" time="0.0"/>
  <testcase classname="testNG.Test1" name="qspiders" time="0.001"/>
  <testcase classname="webElements.ToRegisterUserAndLoginUserTest" name="toRegisterUserAndVerify" time="4.433"/>
  <testcase classname="webElements.ToRegisterUserAndLoginUserTest" name="toLoginUserAndVerify" time="0.959"/>
</testsuite> <!-- Surefire test -->
