<?xml version="1.0" encoding="UTF-8"?>
<testng-results ignored="0" total="2" passed="2" failed="0" skipped="0">
  <reporter-output>
  </reporter-output>
  <suite started-at="2024-03-14T12:03:24Z" name="Default suite" finished-at="2024-03-14T12:03:36Z" duration-ms="12672">
    <groups>
    </groups>
    <test started-at="2024-03-14T12:03:24Z" name="Default test" finished-at="2024-03-14T12:03:36Z" duration-ms="12672">
      <class name="webElements.ToRegisterUserAndLoginUserTest">
        <test-method is-config="true" signature="bs()[pri:0, instance:webElements.ToRegisterUserAndLoginUserTest@67d18ed7]" started-at="2024-03-14T12:03:24Z" name="bs" finished-at="2024-03-14T12:03:24Z" duration-ms="25" status="PASS">
          <reporter-output>
          </reporter-output>
        </test-method> <!-- bs -->
        <test-method is-config="true" signature="bt()[pri:0, instance:webElements.ToRegisterUserAndLoginUserTest@67d18ed7]" started-at="2024-03-14T12:03:24Z" name="bt" finished-at="2024-03-14T12:03:24Z" duration-ms="1" status="PASS">
          <reporter-output>
          </reporter-output>
        </test-method> <!-- bt -->
        <test-method is-config="true" signature="bc()[pri:0, instance:webElements.ToRegisterUserAndLoginUserTest@67d18ed7]" started-at="2024-03-14T12:03:24Z" name="bc" finished-at="2024-03-14T12:03:31Z" duration-ms="7198" status="PASS">
          <reporter-output>
          </reporter-output>
        </test-method> <!-- bc -->
        <test-method is-config="true" signature="bm()[pri:0, instance:webElements.ToRegisterUserAndLoginUserTest@67d18ed7]" started-at="2024-03-14T12:03:31Z" name="bm" finished-at="2024-03-14T12:03:31Z" duration-ms="0" status="PASS">
          <reporter-output>
          </reporter-output>
        </test-method> <!-- bm -->
        <test-method signature="toRegisterUserAndVerify()[pri:1, instance:webElements.ToRegisterUserAndLoginUserTest@67d18ed7]" started-at="2024-03-14T12:03:31Z" name="toRegisterUserAndVerify" finished-at="2024-03-14T12:03:34Z" duration-ms="3139" status="PASS">
          <reporter-output>
          </reporter-output>
        </test-method> <!-- toRegisterUserAndVerify -->
        <test-method is-config="true" signature="am()[pri:0, instance:webElements.ToRegisterUserAndLoginUserTest@67d18ed7]" started-at="2024-03-14T12:03:34Z" name="am" finished-at="2024-03-14T12:03:34Z" duration-ms="1" status="PASS">
          <reporter-output>
          </reporter-output>
        </test-method> <!-- am -->
        <test-method is-config="true" signature="bm()[pri:0, instance:webElements.ToRegisterUserAndLoginUserTest@67d18ed7]" started-at="2024-03-14T12:03:34Z" name="bm" finished-at="2024-03-14T12:03:34Z" duration-ms="1" status="PASS">
          <reporter-output>
          </reporter-output>
        </test-method> <!-- bm -->
        <test-method signature="toLoginUserAndVerify()[pri:2, instance:webElements.ToRegisterUserAndLoginUserTest@67d18ed7]" started-at="2024-03-14T12:03:34Z" name="toLoginUserAndVerify" finished-at="2024-03-14T12:03:35Z" duration-ms="836" status="PASS">
          <reporter-output>
          </reporter-output>
        </test-method> <!-- toLoginUserAndVerify -->
        <test-method is-config="true" signature="am()[pri:0, instance:webElements.ToRegisterUserAndLoginUserTest@67d18ed7]" started-at="2024-03-14T12:03:35Z" name="am" finished-at="2024-03-14T12:03:35Z" duration-ms="1" status="PASS">
          <reporter-output>
          </reporter-output>
        </test-method> <!-- am -->
        <test-method is-config="true" signature="ac()[pri:0, instance:webElements.ToRegisterUserAndLoginUserTest@67d18ed7]" started-at="2024-03-14T12:03:35Z" name="ac" finished-at="2024-03-14T12:03:36Z" duration-ms="1425" status="PASS">
          <reporter-output>
          </reporter-output>
        </test-method> <!-- ac -->
        <test-method is-config="true" signature="at()[pri:0, instance:webElements.ToRegisterUserAndLoginUserTest@67d18ed7]" started-at="2024-03-14T12:03:36Z" name="at" finished-at="2024-03-14T12:03:36Z" duration-ms="1" status="PASS">
          <reporter-output>
          </reporter-output>
        </test-method> <!-- at -->
        <test-method is-config="true" signature="as()[pri:0, instance:webElements.ToRegisterUserAndLoginUserTest@67d18ed7]" started-at="2024-03-14T12:03:36Z" name="as" finished-at="2024-03-14T12:03:36Z" duration-ms="2" status="PASS">
          <reporter-output>
          </reporter-output>
        </test-method> <!-- as -->
      </class> <!-- webElements.ToRegisterUserAndLoginUserTest -->
    </test> <!-- Default test -->
  </suite> <!-- Default suite -->
</testng-results>
